Hodico-Hiff/app/build/outputs/logs/manifest-merger-release-report.txt
-- Merging decision tree log ---
manifest
ADDED from src/main/AndroidManifest.xml:2:1-160:12
	package
		ADDED from src/main/AndroidManifest.xml:3:5-32
		INJECTED from src/main/AndroidManifest.xml
		INJECTED from src/main/AndroidManifest.xml
	android:versionName
		ADDED from src/main/AndroidManifest.xml:5:5-30
		INJECTED from src/main/AndroidManifest.xml
		INJECTED from src/main/AndroidManifest.xml
	android:versionCode
		ADDED from src/main/AndroidManifest.xml:4:5-28
		INJECTED from src/main/AndroidManifest.xml
		INJECTED from src/main/AndroidManifest.xml
	xmlns:android
		ADDED from src/main/AndroidManifest.xml:2:11-69
uses-sdk
ADDED from src/main/AndroidManifest.xml:7:5-9:41
MERGED from [com.google.android.gms:play-services-maps:11.6.2] AndroidManifest.xml:23:5-43
MERGED from [com.google.android.gms:play-services-base:11.6.2] AndroidManifest.xml:17:5-43
MERGED from [com.google.android.gms:play-services-tasks:11.6.2] AndroidManifest.xml:3:5-43
MERGED from [com.google.android.gms:play-services-tasks-license:11.6.2] AndroidManifest.xml:4:5-43
MERGED from [com.google.android.gms:play-services-base-license:11.6.2] AndroidManifest.xml:4:5-43
MERGED from [com.google.android.gms:play-services-basement:11.6.2] AndroidManifest.xml:17:5-43
MERGED from [com.google.android.gms:play-services-basement-license:11.6.2] AndroidManifest.xml:4:5-43
MERGED from [com.google.android.gms:play-services-maps-license:11.6.2] AndroidManifest.xml:4:5-43
MERGED from [com.android.support:design:23.4.0] AndroidManifest.xml:20:5-43
MERGED from [com.android.support:recyclerview-v7:23.4.0] AndroidManifest.xml:20:5-43
MERGED from [com.android.support:appcompat-v7:23.4.0] AndroidManifest.xml:21:5-23:78
MERGED from [com.android.support:animated-vector-drawable:23.4.0] AndroidManifest.xml:5:5-44
MERGED from [com.android.support:support-vector-drawable:23.4.0] AndroidManifest.xml:5:5-43
MERGED from [com.android.support:support-v13:23.4.0] AndroidManifest.xml:20:5-44
MERGED from [com.android.support:support-v4:25.2.0] AndroidManifest.xml:21:5-23:54
MERGED from [com.android.support:support-fragment:25.2.0] AndroidManifest.xml:21:5-23:60
MERGED from [com.android.support:support-media-compat:25.2.0] AndroidManifest.xml:21:5-23:63
MERGED from [com.android.support:support-core-ui:25.2.0] AndroidManifest.xml:21:5-23:58
MERGED from [com.android.support:support-core-utils:25.2.0] AndroidManifest.xml:21:5-23:61
MERGED from [com.android.support:support-compat:25.2.0] AndroidManifest.xml:21:5-23:58
MERGED from [com.android.support.constraint:constraint-layout:1.0.2] AndroidManifest.xml:5:5-7:41
	tools:overrideLibrary
		ADDED from [com.android.support:appcompat-v7:23.4.0] AndroidManifest.xml:23:9-75
	android:targetSdkVersion
		ADDED from src/main/AndroidManifest.xml:9:9-38
		INJECTED from src/main/AndroidManifest.xml
		INJECTED from src/main/AndroidManifest.xml
	android:minSdkVersion
		ADDED from src/main/AndroidManifest.xml:8:9-35
		INJECTED from src/main/AndroidManifest.xml
		INJECTED from src/main/AndroidManifest.xml
uses-permission#android.permission.VIBRATE
ADDED from src/main/AndroidManifest.xml:11:5-66
	android:name
		ADDED from src/main/AndroidManifest.xml:11:22-63
uses-permission#android.permission.INTERNET
ADDED from src/main/AndroidManifest.xml:12:5-67
MERGED from [com.google.android.gms:play-services-maps:11.6.2] AndroidManifest.xml:20:5-66
	android:name
		ADDED from src/main/AndroidManifest.xml:12:22-64
uses-permission#com.google.android.providers.gsf.permission.READ_GSERVICES
ADDED from src/main/AndroidManifest.xml:13:5-98
	android:name
		ADDED from src/main/AndroidManifest.xml:13:22-95
uses-permission#android.permission.ACCESS_COARSE_LOCATION
ADDED from src/main/AndroidManifest.xml:14:5-81
	android:name
		ADDED from src/main/AndroidManifest.xml:14:22-78
uses-permission#android.permission.ACCESS_FINE_LOCATION
ADDED from src/main/AndroidManifest.xml:15:5-79
	android:name
		ADDED from src/main/AndroidManifest.xml:15:22-76
uses-permission#android.permission.WRITE_EXTERNAL_STORAGE
ADDED from src/main/AndroidManifest.xml:16:5-81
	android:name
		ADDED from src/main/AndroidManifest.xml:16:22-78
uses-permission#android.permission.ACCESS_NETWORK_STATE
ADDED from src/main/AndroidManifest.xml:17:5-79
MERGED from [com.google.android.gms:play-services-maps:11.6.2] AndroidManifest.xml:19:5-78
	android:name
		ADDED from src/main/AndroidManifest.xml:17:22-76
uses-permission#android.permission.WAKE_LOCK
ADDED from src/main/AndroidManifest.xml:18:5-68
	android:name
		ADDED from src/main/AndroidManifest.xml:18:22-65
permission#com.ir.hodicohiff.permission.C2D_MESSAGE
ADDED from src/main/AndroidManifest.xml:20:5-22:47
	android:protectionLevel
		ADDED from src/main/AndroidManifest.xml:22:9-44
	android:name
		ADDED from src/main/AndroidManifest.xml:21:9-64
uses-permission#com.ir.hodicohiff.permission.C2D_MESSAGE
ADDED from src/main/AndroidManifest.xml:24:5-80
	android:name
		ADDED from src/main/AndroidManifest.xml:24:22-77
uses-permission#com.google.android.c2dm.permission.RECEIVE
ADDED from src/main/AndroidManifest.xml:25:5-82
	android:name
		ADDED from src/main/AndroidManifest.xml:25:22-79
uses-feature#0x00020000
ADDED from src/main/AndroidManifest.xml:27:5-29:35
MERGED from [com.google.android.gms:play-services-maps:11.6.2] AndroidManifest.xml:21:5-77
	android:glEsVersion
		ADDED from src/main/AndroidManifest.xml:28:9-41
	android:required
		ADDED from src/main/AndroidManifest.xml:29:9-32
permission#com.ir.hodicohiff.permission.MAPS_RECEIVE
ADDED from src/main/AndroidManifest.xml:31:5-33:47
	android:protectionLevel
		ADDED from src/main/AndroidManifest.xml:33:9-44
	android:name
		ADDED from src/main/AndroidManifest.xml:32:9-65
uses-permission#com.ir.hodicohiff.permission.MAPS_RECEIVE
ADDED from src/main/AndroidManifest.xml:35:5-81
	android:name
		ADDED from src/main/AndroidManifest.xml:35:22-78
uses-permission#android.permission.READ_PHONE_STATE
ADDED from src/main/AndroidManifest.xml:36:5-75
	android:name
		ADDED from src/main/AndroidManifest.xml:36:22-72
uses-permission#android.permission.READ_EXTERNAL_STORAGE
ADDED from src/main/AndroidManifest.xml:37:5-80
	android:name
		ADDED from src/main/AndroidManifest.xml:37:22-77
application
ADDED from src/main/AndroidManifest.xml:39:5-158:19
MERGED from [com.google.android.gms:play-services-maps:11.6.2] AndroidManifest.xml:24:5-19
MERGED from [com.google.android.gms:play-services-base:11.6.2] AndroidManifest.xml:18:5-20:19
MERGED from [com.google.android.gms:play-services-tasks:11.6.2] AndroidManifest.xml:4:5-19
MERGED from [com.google.android.gms:play-services-tasks-license:11.6.2] AndroidManifest.xml:5:5-20
MERGED from [com.google.android.gms:play-services-base-license:11.6.2] AndroidManifest.xml:5:5-20
MERGED from [com.google.android.gms:play-services-basement:11.6.2] AndroidManifest.xml:19:5-21:19
MERGED from [com.google.android.gms:play-services-basement-license:11.6.2] AndroidManifest.xml:5:5-20
MERGED from [com.google.android.gms:play-services-maps-license:11.6.2] AndroidManifest.xml:5:5-20
MERGED from [com.android.support:design:23.4.0] AndroidManifest.xml:22:5-20
MERGED from [com.android.support:appcompat-v7:23.4.0] AndroidManifest.xml:25:5-20
MERGED from [com.android.support:animated-vector-drawable:23.4.0] AndroidManifest.xml:7:5-20
MERGED from [com.android.support:support-vector-drawable:23.4.0] AndroidManifest.xml:7:5-20
MERGED from [com.android.support:support-v13:23.4.0] AndroidManifest.xml:22:5-20
MERGED from [com.android.support:support-v4:25.2.0] AndroidManifest.xml:25:5-20
MERGED from [com.android.support:support-fragment:25.2.0] AndroidManifest.xml:25:5-20
MERGED from [com.android.support:support-media-compat:25.2.0] AndroidManifest.xml:25:5-20
MERGED from [com.android.support:support-core-ui:25.2.0] AndroidManifest.xml:25:5-20
MERGED from [com.android.support:support-core-utils:25.2.0] AndroidManifest.xml:25:5-20
MERGED from [com.android.support:support-compat:25.2.0] AndroidManifest.xml:25:5-20
MERGED from [com.android.support.constraint:constraint-layout:1.0.2] AndroidManifest.xml:9:5-20
	android:label
		ADDED from src/main/AndroidManifest.xml:42:9-41
	android:allowBackup
		ADDED from src/main/AndroidManifest.xml:40:9-35
	android:icon
		ADDED from src/main/AndroidManifest.xml:41:9-45
	android:theme
		ADDED from src/main/AndroidManifest.xml:43:9-40
activity#com.ir.hodicohiff.FirstScreen
ADDED from src/main/AndroidManifest.xml:44:9-54:20
	android:screenOrientation
		ADDED from src/main/AndroidManifest.xml:47:13-49
	android:label
		ADDED from src/main/AndroidManifest.xml:46:13-45
	android:theme
		ADDED from src/main/AndroidManifest.xml:48:13-60
	android:name
		ADDED from src/main/AndroidManifest.xml:45:13-40
intent-filter#android.intent.action.MAIN+android.intent.category.LAUNCHER
ADDED from src/main/AndroidManifest.xml:49:13-53:29
action#android.intent.action.MAIN
ADDED from src/main/AndroidManifest.xml:50:17-69
	android:name
		ADDED from src/main/AndroidManifest.xml:50:25-66
category#android.intent.category.LAUNCHER
ADDED from src/main/AndroidManifest.xml:52:17-77
	android:name
		ADDED from src/main/AndroidManifest.xml:52:27-74
activity#com.ir.hodicohiff.MenuPage
ADDED from src/main/AndroidManifest.xml:55:9-59:56
	android:screenOrientation
		ADDED from src/main/AndroidManifest.xml:58:13-49
	android:label
		ADDED from src/main/AndroidManifest.xml:57:13-61
	android:theme
		ADDED from src/main/AndroidManifest.xml:59:13-44
	android:name
		ADDED from src/main/AndroidManifest.xml:56:13-37
activity#com.ir.hodicohiff.NewsPage
ADDED from src/main/AndroidManifest.xml:60:9-64:56
	android:screenOrientation
		ADDED from src/main/AndroidManifest.xml:63:13-49
	android:label
		ADDED from src/main/AndroidManifest.xml:62:13-61
	android:theme
		ADDED from src/main/AndroidManifest.xml:64:13-44
	android:name
		ADDED from src/main/AndroidManifest.xml:61:13-37
activity#com.ir.hodicohiff.InfoPage
ADDED from src/main/AndroidManifest.xml:65:9-69:56
	android:screenOrientation
		ADDED from src/main/AndroidManifest.xml:68:13-49
	android:label
		ADDED from src/main/AndroidManifest.xml:67:13-61
	android:theme
		ADDED from src/main/AndroidManifest.xml:69:13-44
	android:name
		ADDED from src/main/AndroidManifest.xml:66:13-37
activity#com.ir.hodicohiff.CommentsPage
ADDED from src/main/AndroidManifest.xml:70:9-74:56
	android:screenOrientation
		ADDED from src/main/AndroidManifest.xml:73:13-49
	android:label
		ADDED from src/main/AndroidManifest.xml:72:13-65
	android:theme
		ADDED from src/main/AndroidManifest.xml:74:13-44
	android:name
		ADDED from src/main/AndroidManifest.xml:71:13-41
activity#com.ir.hodicohiff.ProductsPage
ADDED from src/main/AndroidManifest.xml:75:9-79:56
	android:screenOrientation
		ADDED from src/main/AndroidManifest.xml:78:13-49
	android:label
		ADDED from src/main/AndroidManifest.xml:77:13-65
	android:theme
		ADDED from src/main/AndroidManifest.xml:79:13-44
	android:name
		ADDED from src/main/AndroidManifest.xml:76:13-41
activity#com.ir.hodicohiff.StationsMapFragment
ADDED from src/main/AndroidManifest.xml:80:9-84:56
	android:screenOrientation
		ADDED from src/main/AndroidManifest.xml:83:13-49
	android:label
		ADDED from src/main/AndroidManifest.xml:82:13-65
	android:theme
		ADDED from src/main/AndroidManifest.xml:84:13-44
	android:name
		ADDED from src/main/AndroidManifest.xml:81:13-48
meta-data#com.google.android.gms.version
ADDED from src/main/AndroidManifest.xml:86:9-88:69
MERGED from [com.google.android.gms:play-services-basement:11.6.2] AndroidManifest.xml:20:9-121
	android:value
		ADDED from src/main/AndroidManifest.xml:88:13-66
	android:name
		ADDED from src/main/AndroidManifest.xml:87:13-58
meta-data#com.google.android.maps.v2.API_KEY
ADDED from src/main/AndroidManifest.xml:89:9-91:71
	android:value
		ADDED from src/main/AndroidManifest.xml:91:13-68
	android:name
		ADDED from src/main/AndroidManifest.xml:90:13-62
service#com.ir.hodicohiff.GPSTracker
ADDED from src/main/AndroidManifest.xml:93:9-96:47
	android:enabled
		ADDED from src/main/AndroidManifest.xml:95:13-35
	android:exported
		ADDED from src/main/AndroidManifest.xml:96:13-36
	android:name
		ADDED from src/main/AndroidManifest.xml:94:13-39
activity#com.ir.hodicohiff.SearchStationsFragment
ADDED from src/main/AndroidManifest.xml:98:9-102:56
	android:screenOrientation
		ADDED from src/main/AndroidManifest.xml:101:13-49
	android:label
		ADDED from src/main/AndroidManifest.xml:100:13-76
	android:theme
		ADDED from src/main/AndroidManifest.xml:102:13-44
	android:name
		ADDED from src/main/AndroidManifest.xml:99:13-51
activity#com.ir.hodicohiff.CarPage
ADDED from src/main/AndroidManifest.xml:103:9-107:56
	android:screenOrientation
		ADDED from src/main/AndroidManifest.xml:106:13-49
	android:label
		ADDED from src/main/AndroidManifest.xml:105:13-60
	android:theme
		ADDED from src/main/AndroidManifest.xml:107:13-44
	android:name
		ADDED from src/main/AndroidManifest.xml:104:13-36
activity#com.ir.hodicohiff.TaxFragment
ADDED from src/main/AndroidManifest.xml:108:9-112:56
	android:screenOrientation
		ADDED from src/main/AndroidManifest.xml:111:13-49
	android:label
		ADDED from src/main/AndroidManifest.xml:110:13-64
	android:theme
		ADDED from src/main/AndroidManifest.xml:112:13-44
	android:name
		ADDED from src/main/AndroidManifest.xml:109:13-40
activity#com.ir.hodicohiff.OilFragment
ADDED from src/main/AndroidManifest.xml:113:9-117:56
	android:screenOrientation
		ADDED from src/main/AndroidManifest.xml:116:13-49
	android:label
		ADDED from src/main/AndroidManifest.xml:115:13-65
	android:theme
		ADDED from src/main/AndroidManifest.xml:117:13-44
	android:name
		ADDED from src/main/AndroidManifest.xml:114:13-40
activity#com.ir.hodicohiff.TripCostFragment
ADDED from src/main/AndroidManifest.xml:118:9-122:56
	android:screenOrientation
		ADDED from src/main/AndroidManifest.xml:121:13-49
	android:label
		ADDED from src/main/AndroidManifest.xml:120:13-70
	android:theme
		ADDED from src/main/AndroidManifest.xml:122:13-44
	android:name
		ADDED from src/main/AndroidManifest.xml:119:13-45
activity#com.ir.hodicohiff.MapActivity
ADDED from src/main/AndroidManifest.xml:123:9-127:56
	android:screenOrientation
		ADDED from src/main/AndroidManifest.xml:126:13-49
	android:label
		ADDED from src/main/AndroidManifest.xml:125:13-55
	android:theme
		ADDED from src/main/AndroidManifest.xml:127:13-44
	android:name
		ADDED from src/main/AndroidManifest.xml:124:13-40
activity#com.ir.hodicohiff.PricesPage
ADDED from src/main/AndroidManifest.xml:128:9-132:56
	android:screenOrientation
		ADDED from src/main/AndroidManifest.xml:131:13-49
	android:label
		ADDED from src/main/AndroidManifest.xml:130:13-63
	android:theme
		ADDED from src/main/AndroidManifest.xml:132:13-44
	android:name
		ADDED from src/main/AndroidManifest.xml:129:13-39
receiver#com.google.android.gcm.GCMBroadcastReceiver
ADDED from src/main/AndroidManifest.xml:134:9-146:20
	android:permission
		ADDED from src/main/AndroidManifest.xml:136:13-73
	android:name
		ADDED from src/main/AndroidManifest.xml:135:13-71
intent-filter#com.google.android.c2dm.intent.RECEIVE+com.google.android.c2dm.intent.REGISTRATION+com.ir.hodicohiff
ADDED from src/main/AndroidManifest.xml:137:13-145:29
action#com.google.android.c2dm.intent.RECEIVE
ADDED from src/main/AndroidManifest.xml:140:17-81
	android:name
		ADDED from src/main/AndroidManifest.xml:140:25-78
action#com.google.android.c2dm.intent.REGISTRATION
ADDED from src/main/AndroidManifest.xml:142:17-86
	android:name
		ADDED from src/main/AndroidManifest.xml:142:25-83
category#com.ir.hodicohiff
ADDED from src/main/AndroidManifest.xml:144:17-62
	android:name
		ADDED from src/main/AndroidManifest.xml:144:27-59
service#com.ir.hodicohiff.GCMIntentService
ADDED from src/main/AndroidManifest.xml:148:9-53
	android:name
		ADDED from src/main/AndroidManifest.xml:148:18-50
activity#com.ir.hodicohiff.StationsPage
ADDED from src/main/AndroidManifest.xml:150:9-157:20
	android:label
		ADDED from src/main/AndroidManifest.xml:152:13-66
	android:parentActivityName
		ADDED from src/main/AndroidManifest.xml:153:13-51
	android:name
		ADDED from src/main/AndroidManifest.xml:151:13-41
meta-data#android.support.PARENT_ACTIVITY
ADDED from src/main/AndroidManifest.xml:154:13-156:62
	android:value
		ADDED from src/main/AndroidManifest.xml:156:17-59
	android:name
		ADDED from src/main/AndroidManifest.xml:155:17-63
activity#com.google.android.gms.common.api.GoogleApiActivity
ADDED from [com.google.android.gms:play-services-base:11.6.2] AndroidManifest.xml:19:9-172
	android:exported
		ADDED from [com.google.android.gms:play-services-base:11.6.2] AndroidManifest.xml:19:146-170
	android:theme
		ADDED from [com.google.android.gms:play-services-base:11.6.2] AndroidManifest.xml:19:86-145
	android:name
		ADDED from [com.google.android.gms:play-services-base:11.6.2] AndroidManifest.xml:19:19-85